<?xml version="1.0" encoding="UTF-8" ?>
<testsuite failures="0" time="0.016" errors="0" skipped="0" tests="1" name="com.depp.stone.com.depp.stone.jasper.domain.AppTest">
  <properties>
    <property name="java.runtime.name" value="Java(TM) SE Runtime Environment"/>
    <property name="sun.boot.library.path" value="d:\jdk1.6.0_24\jre\bin"/>
    <property name="java.vm.version" value="19.1-b02"/>
    <property name="java.vm.vendor" value="Sun Microsystems Inc."/>
    <property name="java.vendor.url" value="http://java.sun.com/"/>
    <property name="path.separator" value=";"/>
    <property name="java.vm.name" value="Java HotSpot(TM) Client VM"/>
    <property name="file.encoding.pkg" value="sun.io"/>
    <property name="user.country" value="US"/>
    <property name="sun.java.launcher" value="SUN_STANDARD"/>
    <property name="sun.os.patch.level" value="Service Pack 2"/>
    <property name="java.vm.specification.name" value="Java Virtual Machine Specification"/>
    <property name="user.dir" value="E:\bruce\aia\workspace\br_commission_b861_willis\com.depp.stone.jasper"/>
    <property name="java.runtime.version" value="1.6.0_24-b07"/>
    <property name="java.awt.graphicsenv" value="sun.awt.Win32GraphicsEnvironment"/>
    <property name="basedir" value="E:\bruce\aia\workspace\br_commission_b861_willis\com.depp.stone.jasper"/>
    <property name="java.endorsed.dirs" value="d:\jdk1.6.0_24\jre\lib\endorsed"/>
    <property name="os.arch" value="x86"/>
    <property name="surefire.real.class.path" value="C:\DOCUME~1\bsnpbag\LOCALS~1\Temp\surefirebooter240003782811224566.jar"/>
    <property name="java.io.tmpdir" value="C:\DOCUME~1\bsnpbag\LOCALS~1\Temp\"/>
    <property name="line.separator" value="
"/>
    <property name="java.vm.specification.vendor" value="Sun Microsystems Inc."/>
    <property name="user.variant" value=""/>
    <property name="os.name" value="Windows XP"/>
    <property name="sun.jnu.encoding" value="GBK"/>
    <property name="java.library.path" value="d:\jdk1.6.0_24\jre\bin;.;C:\WINDOWS\Sun\Java\bin;C:\WINDOWS\system32;C:\WINDOWS;C:\WINDOWS\system32;C:\WINDOWS;C:\WINDOWS\System32\Wbem;C:\Program Files\Windows Imaging\;D:\Program Files\TortoiseSVN\bin;D:\Program Files\Subversion\bin;D:\jdk1.6.0_24\bin;e:\bruce\program\apache-ant-1.8.1\bin\;e:\bruce\program\maven3\bin;"/>
    <property name="surefire.test.class.path" value="E:\bruce\aia\workspace\br_commission_b861_willis\com.depp.stone.jasper\target\test-classes;E:\bruce\aia\workspace\br_commission_b861_willis\com.depp.stone.jasper\target\classes;C:\Documents and Settings\bsnpbag\.m2\repository\junit\junit\3.8.1\junit-3.8.1.jar;C:\Documents and Settings\bsnpbag\.m2\repository\net\sf\jasperreports\jasperreports\3.6.2\jasperreports-3.6.2.jar;C:\Documents and Settings\bsnpbag\.m2\repository\commons-beanutils\commons-beanutils\1.8.0\commons-beanutils-1.8.0.jar;C:\Documents and Settings\bsnpbag\.m2\repository\commons-collections\commons-collections\2.1\commons-collections-2.1.jar;C:\Documents and Settings\bsnpbag\.m2\repository\commons-digester\commons-digester\1.7\commons-digester-1.7.jar;C:\Documents and Settings\bsnpbag\.m2\repository\commons-logging\commons-logging\1.0.2\commons-logging-1.0.2.jar;C:\Documents and Settings\bsnpbag\.m2\repository\com\lowagie\itext\2.1.0\itext-2.1.0.jar;C:\Documents and Settings\bsnpbag\.m2\repository\bouncycastle\bcmail-jdk14\136\bcmail-jdk14-136.jar;C:\Documents and Settings\bsnpbag\.m2\repository\bouncycastle\bcprov-jdk14\136\bcprov-jdk14-136.jar;C:\Documents and Settings\bsnpbag\.m2\repository\jfree\jcommon\1.0.15\jcommon-1.0.15.jar;C:\Documents and Settings\bsnpbag\.m2\repository\jfree\jfreechart\1.0.12\jfreechart-1.0.12.jar;C:\Documents and Settings\bsnpbag\.m2\repository\xml-apis\xml-apis\1.3.02\xml-apis-1.3.02.jar;C:\Documents and Settings\bsnpbag\.m2\repository\eclipse\jdtcore\3.1.0\jdtcore-3.1.0.jar;"/>
    <property name="java.specification.name" value="Java Platform API Specification"/>
    <property name="java.class.version" value="50.0"/>
    <property name="sun.management.compiler" value="HotSpot Client Compiler"/>
    <property name="os.version" value="5.1"/>
    <property name="user.home" value="C:\Documents and Settings\bsnpbag"/>
    <property name="user.timezone" value=""/>
    <property name="java.awt.printerjob" value="sun.awt.windows.WPrinterJob"/>
    <property name="java.specification.version" value="1.6"/>
    <property name="file.encoding" value="Cp1252"/>
    <property name="user.name" value="bsnpbag"/>
    <property name="java.class.path" value="E:\bruce\aia\workspace\br_commission_b861_willis\com.depp.stone.jasper\target\test-classes;E:\bruce\aia\workspace\br_commission_b861_willis\com.depp.stone.jasper\target\classes;C:\Documents and Settings\bsnpbag\.m2\repository\junit\junit\3.8.1\junit-3.8.1.jar;C:\Documents and Settings\bsnpbag\.m2\repository\net\sf\jasperreports\jasperreports\3.6.2\jasperreports-3.6.2.jar;C:\Documents and Settings\bsnpbag\.m2\repository\commons-beanutils\commons-beanutils\1.8.0\commons-beanutils-1.8.0.jar;C:\Documents and Settings\bsnpbag\.m2\repository\commons-collections\commons-collections\2.1\commons-collections-2.1.jar;C:\Documents and Settings\bsnpbag\.m2\repository\commons-digester\commons-digester\1.7\commons-digester-1.7.jar;C:\Documents and Settings\bsnpbag\.m2\repository\commons-logging\commons-logging\1.0.2\commons-logging-1.0.2.jar;C:\Documents and Settings\bsnpbag\.m2\repository\com\lowagie\itext\2.1.0\itext-2.1.0.jar;C:\Documents and Settings\bsnpbag\.m2\repository\bouncycastle\bcmail-jdk14\136\bcmail-jdk14-136.jar;C:\Documents and Settings\bsnpbag\.m2\repository\bouncycastle\bcprov-jdk14\136\bcprov-jdk14-136.jar;C:\Documents and Settings\bsnpbag\.m2\repository\jfree\jcommon\1.0.15\jcommon-1.0.15.jar;C:\Documents and Settings\bsnpbag\.m2\repository\jfree\jfreechart\1.0.12\jfreechart-1.0.12.jar;C:\Documents and Settings\bsnpbag\.m2\repository\xml-apis\xml-apis\1.3.02\xml-apis-1.3.02.jar;C:\Documents and Settings\bsnpbag\.m2\repository\eclipse\jdtcore\3.1.0\jdtcore-3.1.0.jar;"/>
    <property name="java.vm.specification.version" value="1.0"/>
    <property name="sun.arch.data.model" value="32"/>
    <property name="java.home" value="d:\jdk1.6.0_24\jre"/>
    <property name="java.specification.vendor" value="Sun Microsystems Inc."/>
    <property name="user.language" value="en"/>
    <property name="awt.toolkit" value="sun.awt.windows.WToolkit"/>
    <property name="java.vm.info" value="mixed mode, sharing"/>
    <property name="java.version" value="1.6.0_24"/>
    <property name="java.ext.dirs" value="d:\jdk1.6.0_24\jre\lib\ext;C:\WINDOWS\Sun\Java\lib\ext"/>
    <property name="sun.boot.class.path" value="d:\jdk1.6.0_24\jre\lib\resources.jar;d:\jdk1.6.0_24\jre\lib\rt.jar;d:\jdk1.6.0_24\jre\lib\sunrsasign.jar;d:\jdk1.6.0_24\jre\lib\jsse.jar;d:\jdk1.6.0_24\jre\lib\jce.jar;d:\jdk1.6.0_24\jre\lib\charsets.jar;d:\jdk1.6.0_24\jre\lib\modules\jdk.boot.jar;d:\jdk1.6.0_24\jre\classes"/>
    <property name="java.vendor" value="Sun Microsystems Inc."/>
    <property name="localRepository" value="C:\Documents and Settings\bsnpbag\.m2\repository"/>
    <property name="file.separator" value="\"/>
    <property name="java.vendor.url.bug" value="http://java.sun.com/cgi-bin/bugreport.cgi"/>
    <property name="sun.cpu.endian" value="little"/>
    <property name="sun.io.unicode.encoding" value="UnicodeLittle"/>
    <property name="sun.desktop" value="windows"/>
    <property name="sun.cpu.isalist" value="pentium_pro+mmx pentium_pro pentium+mmx pentium i486 i386 i86"/>
  </properties>
  <testcase time="0" classname="com.depp.stone.com.depp.stone.jasper.domain.AppTest" name="testApp"/>
</testsuite>