<?xml version="1.0" encoding="UTF-8" ?>
<testsuite failures="0" time="1.75" errors="1" skipped="0" tests="1" name="com.depp.stone.spring.DependencyInjectionCtxTest">
  <properties>
    <property name="java.runtime.name" value="Java(TM) SE Runtime Environment"/>
    <property name="sun.boot.library.path" value="d:\jdk1.6.0_24\jre\bin"/>
    <property name="java.vm.version" value="19.1-b02"/>
    <property name="java.vm.vendor" value="Sun Microsystems Inc."/>
    <property name="java.vendor.url" value="http://java.sun.com/"/>
    <property name="path.separator" value=";"/>
    <property name="java.vm.name" value="Java HotSpot(TM) Client VM"/>
    <property name="file.encoding.pkg" value="sun.io"/>
    <property name="user.country" value="US"/>
    <property name="sun.java.launcher" value="SUN_STANDARD"/>
    <property name="sun.os.patch.level" value="Service Pack 2"/>
    <property name="java.vm.specification.name" value="Java Virtual Machine Specification"/>
    <property name="user.dir" value="e:\bruce\aia\depp\maven\deppDemo\com.caribe.stone.archetype.spring"/>
    <property name="java.runtime.version" value="1.6.0_24-b07"/>
    <property name="java.awt.graphicsenv" value="sun.awt.Win32GraphicsEnvironment"/>
    <property name="basedir" value="e:\bruce\aia\depp\maven\deppDemo\com.caribe.stone.archetype.spring"/>
    <property name="java.endorsed.dirs" value="d:\jdk1.6.0_24\jre\lib\endorsed"/>
    <property name="os.arch" value="x86"/>
    <property name="surefire.real.class.path" value="C:\DOCUME~1\bsnpbag\LOCALS~1\Temp\surefirebooter5332225579507113345.jar"/>
    <property name="java.io.tmpdir" value="C:\DOCUME~1\bsnpbag\LOCALS~1\Temp\"/>
    <property name="line.separator" value="
"/>
    <property name="java.vm.specification.vendor" value="Sun Microsystems Inc."/>
    <property name="user.variant" value=""/>
    <property name="os.name" value="Windows XP"/>
    <property name="sun.jnu.encoding" value="GBK"/>
    <property name="java.library.path" value="d:\jdk1.6.0_24\jre\bin;.;C:\WINDOWS\Sun\Java\bin;C:\WINDOWS\system32;C:\WINDOWS;C:\WINDOWS\system32;C:\WINDOWS;C:\WINDOWS\System32\Wbem;C:\Program Files\Windows Imaging\;D:\Program Files\TortoiseSVN\bin;D:\Program Files\Subversion\bin;D:\Program Files\TortoiseGit\bin;D:\jdk1.6.0_24\bin;e:\bruce\program\apache-ant-1.8.1\bin\;e:\bruce\program\maven3\bin;"/>
    <property name="surefire.test.class.path" value="e:\bruce\aia\depp\maven\deppDemo\com.caribe.stone.archetype.spring\target\test-classes;e:\bruce\aia\depp\maven\deppDemo\com.caribe.stone.archetype.spring\target\classes;C:\Documents and Settings\bsnpbag\.m2\repository\junit\junit\4.8.1\junit-4.8.1.jar;C:\Documents and Settings\bsnpbag\.m2\repository\org\springframework\spring-core\3.0.4.RELEASE\spring-core-3.0.4.RELEASE.jar;C:\Documents and Settings\bsnpbag\.m2\repository\org\springframework\spring-asm\3.0.4.RELEASE\spring-asm-3.0.4.RELEASE.jar;C:\Documents and Settings\bsnpbag\.m2\repository\commons-logging\commons-logging\1.1.1\commons-logging-1.1.1.jar;C:\Documents and Settings\bsnpbag\.m2\repository\org\springframework\spring-beans\3.0.4.RELEASE\spring-beans-3.0.4.RELEASE.jar;C:\Documents and Settings\bsnpbag\.m2\repository\org\springframework\spring-context\3.0.4.RELEASE\spring-context-3.0.4.RELEASE.jar;C:\Documents and Settings\bsnpbag\.m2\repository\org\springframework\spring-expression\3.0.4.RELEASE\spring-expression-3.0.4.RELEASE.jar;C:\Documents and Settings\bsnpbag\.m2\repository\org\springframework\spring-test\3.0.4.RELEASE\spring-test-3.0.4.RELEASE.jar;C:\Documents and Settings\bsnpbag\.m2\repository\org\springframework\spring-aop\3.0.4.RELEASE\spring-aop-3.0.4.RELEASE.jar;C:\Documents and Settings\bsnpbag\.m2\repository\aopalliance\aopalliance\1.0\aopalliance-1.0.jar;C:\Documents and Settings\bsnpbag\.m2\repository\org\springframework\spring-tx\3.0.4.RELEASE\spring-tx-3.0.4.RELEASE.jar;C:\Documents and Settings\bsnpbag\.m2\repository\org\aspectj\aspectjrt\1.6.9\aspectjrt-1.6.9.jar;C:\Documents and Settings\bsnpbag\.m2\repository\org\aspectj\aspectjweaver\1.6.9\aspectjweaver-1.6.9.jar;C:\Documents and Settings\bsnpbag\.m2\repository\cglib\cglib-nodep\2.2\cglib-nodep-2.2.jar;"/>
    <property name="java.specification.name" value="Java Platform API Specification"/>
    <property name="java.class.version" value="50.0"/>
    <property name="sun.management.compiler" value="HotSpot Client Compiler"/>
    <property name="os.version" value="5.1"/>
    <property name="user.home" value="C:\Documents and Settings\bsnpbag"/>
    <property name="user.timezone" value="Asia/Shanghai"/>
    <property name="java.awt.printerjob" value="sun.awt.windows.WPrinterJob"/>
    <property name="java.specification.version" value="1.6"/>
    <property name="file.encoding" value="Cp1252"/>
    <property name="user.name" value="bsnpbag"/>
    <property name="java.class.path" value="e:\bruce\aia\depp\maven\deppDemo\com.caribe.stone.archetype.spring\target\test-classes;e:\bruce\aia\depp\maven\deppDemo\com.caribe.stone.archetype.spring\target\classes;C:\Documents and Settings\bsnpbag\.m2\repository\junit\junit\4.8.1\junit-4.8.1.jar;C:\Documents and Settings\bsnpbag\.m2\repository\org\springframework\spring-core\3.0.4.RELEASE\spring-core-3.0.4.RELEASE.jar;C:\Documents and Settings\bsnpbag\.m2\repository\org\springframework\spring-asm\3.0.4.RELEASE\spring-asm-3.0.4.RELEASE.jar;C:\Documents and Settings\bsnpbag\.m2\repository\commons-logging\commons-logging\1.1.1\commons-logging-1.1.1.jar;C:\Documents and Settings\bsnpbag\.m2\repository\org\springframework\spring-beans\3.0.4.RELEASE\spring-beans-3.0.4.RELEASE.jar;C:\Documents and Settings\bsnpbag\.m2\repository\org\springframework\spring-context\3.0.4.RELEASE\spring-context-3.0.4.RELEASE.jar;C:\Documents and Settings\bsnpbag\.m2\repository\org\springframework\spring-expression\3.0.4.RELEASE\spring-expression-3.0.4.RELEASE.jar;C:\Documents and Settings\bsnpbag\.m2\repository\org\springframework\spring-test\3.0.4.RELEASE\spring-test-3.0.4.RELEASE.jar;C:\Documents and Settings\bsnpbag\.m2\repository\org\springframework\spring-aop\3.0.4.RELEASE\spring-aop-3.0.4.RELEASE.jar;C:\Documents and Settings\bsnpbag\.m2\repository\aopalliance\aopalliance\1.0\aopalliance-1.0.jar;C:\Documents and Settings\bsnpbag\.m2\repository\org\springframework\spring-tx\3.0.4.RELEASE\spring-tx-3.0.4.RELEASE.jar;C:\Documents and Settings\bsnpbag\.m2\repository\org\aspectj\aspectjrt\1.6.9\aspectjrt-1.6.9.jar;C:\Documents and Settings\bsnpbag\.m2\repository\org\aspectj\aspectjweaver\1.6.9\aspectjweaver-1.6.9.jar;C:\Documents and Settings\bsnpbag\.m2\repository\cglib\cglib-nodep\2.2\cglib-nodep-2.2.jar;"/>
    <property name="java.vm.specification.version" value="1.0"/>
    <property name="sun.arch.data.model" value="32"/>
    <property name="java.home" value="d:\jdk1.6.0_24\jre"/>
    <property name="java.specification.vendor" value="Sun Microsystems Inc."/>
    <property name="user.language" value="en"/>
    <property name="awt.toolkit" value="sun.awt.windows.WToolkit"/>
    <property name="java.vm.info" value="mixed mode, sharing"/>
    <property name="java.version" value="1.6.0_24"/>
    <property name="java.ext.dirs" value="d:\jdk1.6.0_24\jre\lib\ext;C:\WINDOWS\Sun\Java\lib\ext"/>
    <property name="sun.boot.class.path" value="d:\jdk1.6.0_24\jre\lib\resources.jar;d:\jdk1.6.0_24\jre\lib\rt.jar;d:\jdk1.6.0_24\jre\lib\sunrsasign.jar;d:\jdk1.6.0_24\jre\lib\jsse.jar;d:\jdk1.6.0_24\jre\lib\jce.jar;d:\jdk1.6.0_24\jre\lib\charsets.jar;d:\jdk1.6.0_24\jre\lib\modules\jdk.boot.jar;d:\jdk1.6.0_24\jre\classes"/>
    <property name="java.vendor" value="Sun Microsystems Inc."/>
    <property name="localRepository" value="C:\Documents and Settings\bsnpbag\.m2\repository"/>
    <property name="file.separator" value="\"/>
    <property name="java.vendor.url.bug" value="http://java.sun.com/cgi-bin/bugreport.cgi"/>
    <property name="sun.cpu.endian" value="little"/>
    <property name="sun.io.unicode.encoding" value="UnicodeLittle"/>
    <property name="sun.desktop" value="windows"/>
    <property name="sun.cpu.isalist" value="pentium_pro+mmx pentium_pro pentium+mmx pentium i486 i386 i86"/>
  </properties>
  <testcase time="1.594" classname="com.depp.stone.spring.DependencyInjectionCtxTest" name="testDemo">
    <error message="Error creating bean with name &apos;com.depp.stone.spring.DependencyInjectionCtxTest&apos;: Unsatisfied dependency expressed through bean property &apos;serive&apos;: Set this property value or disable dependency checking for this bean." type="org.springframework.beans.factory.UnsatisfiedDependencyException">org.springframework.beans.factory.UnsatisfiedDependencyException: Error creating bean with name &apos;com.depp.stone.spring.DependencyInjectionCtxTest&apos;: Unsatisfied dependency expressed through bean property &apos;serive&apos;: Set this property value or disable dependency checking for this bean.
	at org.springframework.beans.factory.support.AbstractAutowireCapableBeanFactory.checkDependencies(AbstractAutowireCapableBeanFactory.java:1260)
	at org.springframework.beans.factory.support.AbstractAutowireCapableBeanFactory.populateBean(AbstractAutowireCapableBeanFactory.java:1082)
	at org.springframework.beans.factory.support.AbstractAutowireCapableBeanFactory.autowireBeanProperties(AbstractAutowireCapableBeanFactory.java:374)
	at org.springframework.test.AbstractDependencyInjectionSpringContextTests.injectDependencies(AbstractDependencyInjectionSpringContextTests.java:208)
	at org.springframework.test.AbstractDependencyInjectionSpringContextTests.prepareTestInstance(AbstractDependencyInjectionSpringContextTests.java:183)
	at org.springframework.test.AbstractSingleSpringContextTests.setUp(AbstractSingleSpringContextTests.java:103)
	at junit.framework.TestCase.runBare(TestCase.java:132)
	at org.springframework.test.ConditionalTestCase.runBare(ConditionalTestCase.java:79)
	at junit.framework.TestResult$1.protect(TestResult.java:110)
	at junit.framework.TestResult.runProtected(TestResult.java:128)
	at junit.framework.TestResult.run(TestResult.java:113)
	at junit.framework.TestCase.run(TestCase.java:124)
	at junit.framework.TestSuite.runTest(TestSuite.java:232)
	at junit.framework.TestSuite.run(TestSuite.java:227)
	at org.junit.internal.runners.JUnit38ClassRunner.run(JUnit38ClassRunner.java:83)
	at org.apache.maven.surefire.junit4.JUnit4TestSet.execute(JUnit4TestSet.java:59)
	at org.apache.maven.surefire.suite.AbstractDirectoryTestSuite.executeTestSet(AbstractDirectoryTestSuite.java:120)
	at org.apache.maven.surefire.suite.AbstractDirectoryTestSuite.execute(AbstractDirectoryTestSuite.java:103)
	at org.apache.maven.surefire.Surefire.run(Surefire.java:169)
	at sun.reflect.NativeMethodAccessorImpl.invoke0(Native Method)
	at sun.reflect.NativeMethodAccessorImpl.invoke(NativeMethodAccessorImpl.java:39)
	at sun.reflect.DelegatingMethodAccessorImpl.invoke(DelegatingMethodAccessorImpl.java:25)
	at java.lang.reflect.Method.invoke(Method.java:597)
	at org.apache.maven.surefire.booter.SurefireBooter.runSuitesInProcess(SurefireBooter.java:350)
	at org.apache.maven.surefire.booter.SurefireBooter.main(SurefireBooter.java:1021)
</error>
    <system-err>Sep 8, 2011 5:59:34 PM org.springframework.test.AbstractSingleSpringContextTests loadContextLocations
INFO: Loading context for locations: classpath:applicationContext.xml
Sep 8, 2011 5:59:35 PM org.springframework.beans.factory.xml.XmlBeanDefinitionReader loadBeanDefinitions
INFO: Loading XML bean definitions from class path resource [applicationContext.xml]
Sep 8, 2011 5:59:36 PM org.springframework.context.support.AbstractApplicationContext prepareRefresh
INFO: Refreshing org.springframework.context.support.GenericApplicationContext@117a8bd: startup date [Thu Sep 08 17:59:36 CST 2011]; root of context hierarchy
Sep 8, 2011 5:59:36 PM org.springframework.beans.factory.support.DefaultListableBeanFactory preInstantiateSingletons
INFO: Pre-instantiating singletons in org.springframework.beans.factory.support.DefaultListableBeanFactory@1394894: defining beans [com.depp.stone.spring.User#0]; root of factory hierarchy
</system-err>
  </testcase>
</testsuite>